<?xml version="1.0" encoding="UTF-8"?>
<!-- Generated by org.testng.reporters.JUnitReportReporter -->
<testsuite hostname="LAPTOP-6E97D1KP" failures="0" tests="2" name="Tests.GetandPostExamples" time="3.069" errors="0" timestamp="2023-06-19T00:39:44 IST" skipped="0">
  <testcase classname="Tests.GetandPostExamples" name="testGet" time="2.366"/>
  <testcase classname="Tests.GetandPostExamples" name="testPost" time="0.703"/>
</testsuite> <!-- Tests.GetandPostExamples -->
